#
# A fatal error has been detected by the Java Runtime Environment:
#
#  EXCEPTION_ACCESS_VIOLATION (0xc0000005) at pc=0x00007ffffb1ac3e2, pid=16356, tid=13532
#
# JRE version: Java(TM) SE Runtime Environment (17.0+35) (build 17+35-LTS-2724)
# Java VM: Java HotSpot(TM) 64-Bit Server VM (17+35-LTS-2724, mixed mode, sharing, tiered, compressed oops, compressed class ptrs, g1 gc, windows-amd64)
# Problematic frame:
# V  [jvm.dll+0x3dc3e2]
#
# No core dump will be written. Minidumps are not enabled by default on client versions of Windows
#
# If you would like to submit a bug report, please visit:
#   https://bugreport.java.com/bugreport/crash.jsp
#

---------------  S U M M A R Y ------------

Command Line: C:\Dev\JavaFX\ShopManagement\out\artifacts\ShopManagement_jar\ShopManagement.jar

Host: Intel(R) Celeron(R) N4020 CPU @ 1.10GHz, 2 cores, 3G,  Windows 10 , 64 bit Build 19041 (10.0.19041.1202)
Time: Wed Oct 13 19:34:40 2021 Malay Peninsula Standard Time elapsed time: 329.344441 seconds (0d 0h 5m 29s)

---------------  T H R E A D  ---------------

Current thread (0x00000162f8a99300):  JavaThread "JavaFX Application Thread" [_thread_in_vm, id=13532, stack(0x0000001ea8d00000,0x0000001ea8e00000)]

Stack: [0x0000001ea8d00000,0x0000001ea8e00000],  sp=0x0000001ea8dfecb0,  free space=1019k
Native frames: (J=compiled Java code, j=interpreted, Vv=VM code, C=native code)
V  [jvm.dll+0x3dc3e2]
C  [glass.dll+0x26bc]

Java frames: (J=compiled Java code, j=interpreted, Vv=VM code)
j  com.sun.glass.ui.win.WinApplication._runLoop(Ljava/lang/Runnable;)V+0
j  com.sun.glass.ui.win.WinApplication.lambda$runLoop$3(ILjava/lang/Runnable;)V+8
j  com.sun.glass.ui.win.WinApplication$$Lambda$70+0x0000000800c2ca20.run()V+12
j  java.lang.Thread.run()V+11 java.base@17
v  ~StubRoutines::call_stub

siginfo: EXCEPTION_ACCESS_VIOLATION (0xc0000005), reading address 0x0000000000000000


Register to memory mapping:

RIP=0x00007ffffb1ac3e2 jvm.dll
RAX=0x0 is NULL
RBX=0x00000162f8a99300 is a thread
RCX=0x00000162f8a995a8 points into unknown readable memory: 0x00007ffffb853630 | 30 36 85 fb ff 7f 00 00
RDX=0x0 is NULL
RSP=0x0000001ea8dfecb0 is pointing into the stack for thread: 0x00000162f8a99300
RBP=0x0000001ea8dfedb8 is pointing into the stack for thread: 0x00000162f8a99300
RSI=0x0 is NULL
RDI=0x0 is NULL
R8 =0x0 is NULL
R9 =0x0000001ea8dfedb8 is pointing into the stack for thread: 0x00000162f8a99300
R10=0x00000162f8a3d760 points into unknown readable memory: 0x0000004000000003 | 03 00 00 00 40 00 00 00
R11=0x0000001ea8dfecf0 is pointing into the stack for thread: 0x00000162f8a99300
R12=0x0000000000000001 is an unknown value
R13=0x00000162f8a995a8 points into unknown readable memory: 0x00007ffffb853630 | 30 36 85 fb ff 7f 00 00
R14=0x00000162f8a995a8 points into unknown readable memory: 0x00007ffffb853630 | 30 36 85 fb ff 7f 00 00
R15=0x00000000000000d4 is an unknown value


Registers:
RAX=0x0000000000000000, RBX=0x00000162f8a99300, RCX=0x00000162f8a995a8, RDX=0x0000000000000000
RSP=0x0000001ea8dfecb0, RBP=0x0000001ea8dfedb8, RSI=0x0000000000000000, RDI=0x0000000000000000
R8 =0x0000000000000000, R9 =0x0000001ea8dfedb8, R10=0x00000162f8a3d760, R11=0x0000001ea8dfecf0
R12=0x0000000000000001, R13=0x00000162f8a995a8, R14=0x00000162f8a995a8, R15=0x00000000000000d4
RIP=0x00007ffffb1ac3e2, EFLAGS=0x0000000000010246

Top of Stack: (sp=0x0000001ea8dfecb0)
0x0000001ea8dfecb0:   0000000000000000 00000000c5424301
0x0000001ea8dfecc0:   0000000000000000 00007ffffafc288d
0x0000001ea8dfecd0:   00000162f8a58f78 00000162f8a3d760
0x0000001ea8dfece0:   0000ef75669f8d3e 00007ffffb54e857
0x0000001ea8dfecf0:   00000162f8a3d594 00000162f8a99300
0x0000001ea8dfed00:   00000162f8a99300 0000000000000000
0x0000001ea8dfed10:   00000162f8a58f78 00000000000000d4
0x0000001ea8dfed20:   00000162f8a58f70 00000000000000d4
0x0000001ea8dfed30:   0000000000000000 00007ff81a0d20bb
0x0000001ea8dfed40:   00000162f8a995a8 0000000000000000
0x0000001ea8dfed50:   00000162f8a3d594 0000000000000001
0x0000001ea8dfed60:   0000000000000000 00007ff81a0c26bc
0x0000001ea8dfed70:   00000162f8a995a8 0000001ea8dfef00
0x0000001ea8dfed80:   0000000000000000 00000162f7873870
0x0000001ea8dfed90:   0000000000000000 00007ff81a0d52b6
0x0000001ea8dfeda0:   00000162f8a995a8 0000000000000000 

Instructions: (pc=0x00007ffffb1ac3e2)
0x00007ffffb1ac2e2:   48 89 4a 18 48 8b 57 08 48 8b 4f 20 48 89 4a 20
0x00007ffffb1ac2f2:   48 8d 8b 88 02 00 00 48 8b d3 e8 df a0 ee ff 4c
0x00007ffffb1ac302:   8d 9c 24 a0 00 00 00 c7 83 38 03 00 00 04 00 00
0x00007ffffb1ac312:   00 49 8b 5b 20 0f b7 c6 49 8b 6b 28 49 8b 73 30
0x00007ffffb1ac322:   49 8b e3 41 5e 41 5c 5f c3 cc cc cc cc cc 48 89
0x00007ffffb1ac332:   5c 24 08 48 89 6c 24 10 48 89 74 24 18 57 41 54
0x00007ffffb1ac342:   41 56 48 81 ec a0 00 00 00 8b 81 b8 00 00 00 48
0x00007ffffb1ac352:   8d 99 58 fd ff ff 05 55 21 ff ff 49 8b e9 49 8b
0x00007ffffb1ac362:   f0 48 8b fa 4c 8b f1 83 f8 01 76 0a 48 8b cb e8
0x00007ffffb1ac372:   9a 23 3a 00 33 db c7 83 38 03 00 00 05 00 00 00
0x00007ffffb1ac382:   e8 c9 4a 28 00 48 8b 83 40 03 00 00 a8 01 74 0a
0x00007ffffb1ac392:   b2 01 48 8b cb e8 84 3f 2f 00 83 bb 2c 03 00 00
0x00007ffffb1ac3a2:   00 75 0a 8b 83 28 03 00 00 a8 0c 74 0a 33 d2 48
0x00007ffffb1ac3b2:   8b cb e8 37 4b 3a 00 c7 83 38 03 00 00 06 00 00
0x00007ffffb1ac3c2:   00 48 83 7b 08 00 48 89 5c 24 50 48 c7 44 24 58
0x00007ffffb1ac3d2:   00 00 00 00 74 0a 48 8d 4c 24 50 e8 5e de 2b 00
0x00007ffffb1ac3e2:   48 8b 16 48 8d 4c 24 70 c7 44 24 40 0c 00 00 00
0x00007ffffb1ac3f2:   e8 c9 ba 00 00 48 89 ac 24 98 00 00 00 4c 8d 25
0x00007ffffb1ac402:   12 82 52 00 4c 89 64 24 70 40 f6 c7 01 74 0c 48
0x00007ffffb1ac412:   8d 4f ff ff 15 45 4a 6a 00 eb 09 48 8b cf ff 15
0x00007ffffb1ac422:   fa cb 69 00 8b 15 24 d5 70 00 48 8b c8 e8 0c f9
0x00007ffffb1ac432:   27 00 48 8b d3 48 8b c8 4c 8b 00 41 ff 90 b0 00
0x00007ffffb1ac442:   00 00 48 83 7b 08 00 75 35 48 8d 44 24 70 48 89
0x00007ffffb1ac452:   5c 24 30 48 89 44 24 28 48 8d 54 24 40 45 33 c9
0x00007ffffb1ac462:   48 89 74 24 20 45 33 c0 49 8b ce e8 9e ce 00 00
0x00007ffffb1ac472:   48 83 7b 08 00 75 07 48 8b 74 24 48 eb 02 33 f6
0x00007ffffb1ac482:   48 83 7c 24 58 00 4c 89 64 24 70 48 c7 84 24 98
0x00007ffffb1ac492:   00 00 00 00 00 00 00 74 0a 48 8d 4c 24 50 e8 3b
0x00007ffffb1ac4a2:   de 2b 00 48 8b bb e8 00 00 00 48 8b 47 10 48 83
0x00007ffffb1ac4b2:   38 00 74 0c 48 8b cf e8 92 ab f6 ff 48 8b 47 10
0x00007ffffb1ac4c2:   48 8b 4f 08 48 89 41 10 48 8b 57 08 48 8b 4f 18
0x00007ffffb1ac4d2:   48 89 4a 18 48 8b 57 08 48 8b 4f 20 48 89 4a 20 


Stack slot to memory mapping:
stack at sp + 0 slots: 0x0 is NULL
stack at sp + 1 slots: 0x00000000c5424301 is pointing into object: [J 
{0x00000000c5424200} - klass: {type array long}
 - length: 32
stack at sp + 2 slots: 0x0 is NULL
stack at sp + 3 slots: 0x00007ffffafc288d jvm.dll
stack at sp + 4 slots: 0x00000162f8a58f78 points into unknown readable memory: 0x0000000000000000 | 00 00 00 00 00 00 00 00
stack at sp + 5 slots: 0x00000162f8a3d760 points into unknown readable memory: 0x0000004000000003 | 03 00 00 00 40 00 00 00
stack at sp + 6 slots: 0x0000ef75669f8d3e is an unknown value
stack at sp + 7 slots: 0x00007ffffb54e857 jvm.dll


---------------  P R O C E S S  ---------------

Threads class SMR info:
_java_thread_list=0x000001628f4d92e0, length=19, elements={
0x00000162ebcc03e0, 0x00000162f786b940, 0x00000162f786c4c0, 0x00000162f7880ac0,
0x00000162f7881380, 0x00000162f7881c40, 0x00000162f7885550, 0x00000162f78861f0,
0x00000162f7898960, 0x00000162f78ab250, 0x00000162f8441bd0, 0x00000162f84460c0,
0x00000162f852b860, 0x00000162f89d9b50, 0x00000162f8ac1340, 0x00000162f8a99300,
0x00000162f8c89610, 0x00000162f8dca5c0, 0x000001628f389040
}

Java Threads: ( => current thread )
  0x00000162ebcc03e0 JavaThread "main" [_thread_blocked, id=13920, stack(0x0000001ea7600000,0x0000001ea7700000)]
  0x00000162f786b940 JavaThread "Reference Handler" daemon [_thread_blocked, id=10236, stack(0x0000001ea7d00000,0x0000001ea7e00000)]
  0x00000162f786c4c0 JavaThread "Finalizer" daemon [_thread_blocked, id=15328, stack(0x0000001ea7e00000,0x0000001ea7f00000)]
  0x00000162f7880ac0 JavaThread "Signal Dispatcher" daemon [_thread_blocked, id=13024, stack(0x0000001ea7f00000,0x0000001ea8000000)]
  0x00000162f7881380 JavaThread "Attach Listener" daemon [_thread_blocked, id=15536, stack(0x0000001ea8000000,0x0000001ea8100000)]
  0x00000162f7881c40 JavaThread "Service Thread" daemon [_thread_blocked, id=16076, stack(0x0000001ea8100000,0x0000001ea8200000)]
  0x00000162f7885550 JavaThread "Monitor Deflation Thread" daemon [_thread_blocked, id=2904, stack(0x0000001ea8200000,0x0000001ea8300000)]
  0x00000162f78861f0 JavaThread "C2 CompilerThread0" daemon [_thread_blocked, id=16328, stack(0x0000001ea8300000,0x0000001ea8400000)]
  0x00000162f7898960 JavaThread "C1 CompilerThread0" daemon [_thread_blocked, id=12712, stack(0x0000001ea8400000,0x0000001ea8500000)]
  0x00000162f78ab250 JavaThread "Sweeper thread" daemon [_thread_blocked, id=14280, stack(0x0000001ea8500000,0x0000001ea8600000)]
  0x00000162f8441bd0 JavaThread "Notification Thread" daemon [_thread_blocked, id=14968, stack(0x0000001ea8600000,0x0000001ea8700000)]
  0x00000162f84460c0 JavaThread "Common-Cleaner" daemon [_thread_blocked, id=13752, stack(0x0000001ea8800000,0x0000001ea8900000)]
  0x00000162f852b860 JavaThread "JavaFX-Launcher" [_thread_blocked, id=14808, stack(0x0000001ea8900000,0x0000001ea8a00000)]
  0x00000162f89d9b50 JavaThread "QuantumRenderer-0" daemon [_thread_blocked, id=9084, stack(0x0000001ea8b00000,0x0000001ea8c00000)]
  0x00000162f8ac1340 JavaThread "InvokeLaterDispatcher" daemon [_thread_blocked, id=6792, stack(0x0000001ea8c00000,0x0000001ea8d00000)]
=>0x00000162f8a99300 JavaThread "JavaFX Application Thread" [_thread_in_vm, id=13532, stack(0x0000001ea8d00000,0x0000001ea8e00000)]
  0x00000162f8c89610 JavaThread "Thread-2" daemon [_thread_in_native, id=4068, stack(0x0000001ea9000000,0x0000001ea9100000)]
  0x00000162f8dca5c0 JavaThread "Prism Font Disposer" daemon [_thread_blocked, id=5972, stack(0x0000001ea9200000,0x0000001ea9300000)]
  0x000001628f389040 JavaThread "Cleaner-0" daemon [_thread_blocked, id=6880, stack(0x0000001ea9600000,0x0000001ea9700000)]

Other Threads:
  0x00000162f7866670 VMThread "VM Thread" [stack: 0x0000001ea7c00000,0x0000001ea7d00000] [id=1924]
  0x00000162ebd00010 WatcherThread [stack: 0x0000001ea8700000,0x0000001ea8800000] [id=13404]
  0x00000162ebcec750 GCTaskThread "GC Thread#0" [stack: 0x0000001ea7700000,0x0000001ea7800000] [id=15788]
  0x00000162f89bf450 GCTaskThread "GC Thread#1" [stack: 0x0000001ea8a00000,0x0000001ea8b00000] [id=15916]
  0x00000162ebcf6520 ConcurrentGCThread "G1 Main Marker" [stack: 0x0000001ea7800000,0x0000001ea7900000] [id=15852]
  0x00000162ebcf77a0 ConcurrentGCThread "G1 Conc#0" [stack: 0x0000001ea7900000,0x0000001ea7a00000] [id=15164]
  0x00000162ebd35850 ConcurrentGCThread "G1 Refine#0" [stack: 0x0000001ea7a00000,0x0000001ea7b00000] [id=4968]
  0x00000162f8cee820 ConcurrentGCThread "G1 Refine#1" [stack: 0x0000001ea9100000,0x0000001ea9200000] [id=16304]
  0x00000162ebd3a4b0 ConcurrentGCThread "G1 Service" [stack: 0x0000001ea7b00000,0x0000001ea7c00000] [id=15400]

Threads with active compile tasks:

VM state: not at safepoint (normal execution)

VM Mutex/Monitor currently owned by a thread: None

Heap address: 0x00000000c2c00000, size: 980 MB, Compressed Oops mode: 32-bit

CDS archive(s) mapped at: [0x0000000800000000-0x0000000800bc0000-0x0000000800bc0000), size 12320768, SharedBaseAddress: 0x0000000800000000, ArchiveRelocationMode: 0.
Compressed class space mapped at: 0x0000000800c00000-0x0000000840c00000, reserved size: 1073741824
Narrow klass base: 0x0000000800000000, Narrow klass shift: 0, Narrow klass range: 0x100000000

GC Precious Log:
 CPUs: 2 total, 2 available
 Memory: 3918M
 Large Page Support: Disabled
 NUMA Support: Disabled
 Compressed Oops: Enabled (32-bit)
 Heap Region Size: 1M
 Heap Min Capacity: 8M
 Heap Initial Capacity: 62M
 Heap Max Capacity: 980M
 Pre-touch: Disabled
 Parallel Workers: 2
 Concurrent Workers: 1
 Concurrent Refinement Workers: 2
 Periodic GC: Disabled

Heap:
 garbage-first heap   total 63488K, used 27790K [0x00000000c2c00000, 0x0000000100000000)
  region size 1024K, 22 young (22528K), 3 survivors (3072K)
 Metaspace       used 17889K, committed 18112K, reserved 1064960K
  class space    used 2650K, committed 2752K, reserved 1048576K

Heap Regions: E=young(eden), S=young(survivor), O=old, HS=humongous(starts), HC=humongous(continues), CS=collection set, F=free, OA=open archive, CA=closed archive, TAMS=top-at-mark-start (previous, next)
|   0|0x00000000c2c00000, 0x00000000c2d00000, 0x00000000c2d00000|100%| O|  |TAMS 0x00000000c2c00000, 0x00000000c2c00000| Untracked 
|   1|0x00000000c2d00000, 0x00000000c2e00000, 0x00000000c2e00000|100%|HS|  |TAMS 0x00000000c2d00000, 0x00000000c2d00000| Complete 
|   2|0x00000000c2e00000, 0x00000000c2f00000, 0x00000000c2f00000|100%| O|  |TAMS 0x00000000c2e00000, 0x00000000c2e00000| Untracked 
|   3|0x00000000c2f00000, 0x00000000c3000000, 0x00000000c3000000|100%| O|  |TAMS 0x00000000c2f00000, 0x00000000c2f00000| Untracked 
|   4|0x00000000c3000000, 0x00000000c3100000, 0x00000000c3100000|100%| O|  |TAMS 0x00000000c3000000, 0x00000000c3000000| Untracked 
|   5|0x00000000c3100000, 0x00000000c3192600, 0x00000000c3200000| 57%| O|  |TAMS 0x00000000c3100000, 0x00000000c3100000| Untracked 
|   6|0x00000000c3200000, 0x00000000c3300000, 0x00000000c3300000|100%|HS|  |TAMS 0x00000000c3200000, 0x00000000c3200000| Complete 
|   7|0x00000000c3300000, 0x00000000c3400000, 0x00000000c3400000|100%|HC|  |TAMS 0x00000000c3300000, 0x00000000c3300000| Complete 
|   8|0x00000000c3400000, 0x00000000c3400000, 0x00000000c3500000|  0%| F|  |TAMS 0x00000000c3400000, 0x00000000c3400000| Untracked 
|   9|0x00000000c3500000, 0x00000000c3500000, 0x00000000c3600000|  0%| F|  |TAMS 0x00000000c3500000, 0x00000000c3500000| Untracked 
|  10|0x00000000c3600000, 0x00000000c3600000, 0x00000000c3700000|  0%| F|  |TAMS 0x00000000c3600000, 0x00000000c3600000| Untracked 
|  11|0x00000000c3700000, 0x00000000c3700000, 0x00000000c3800000|  0%| F|  |TAMS 0x00000000c3700000, 0x00000000c3700000| Untracked 
|  12|0x00000000c3800000, 0x00000000c3800000, 0x00000000c3900000|  0%| F|  |TAMS 0x00000000c3800000, 0x00000000c3800000| Untracked 
|  13|0x00000000c3900000, 0x00000000c3900000, 0x00000000c3a00000|  0%| F|  |TAMS 0x00000000c3900000, 0x00000000c3900000| Untracked 
|  14|0x00000000c3a00000, 0x00000000c3a00000, 0x00000000c3b00000|  0%| F|  |TAMS 0x00000000c3a00000, 0x00000000c3a00000| Untracked 
|  15|0x00000000c3b00000, 0x00000000c3b00000, 0x00000000c3c00000|  0%| F|  |TAMS 0x00000000c3b00000, 0x00000000c3b00000| Untracked 
|  16|0x00000000c3c00000, 0x00000000c3c00000, 0x00000000c3d00000|  0%| F|  |TAMS 0x00000000c3c00000, 0x00000000c3c00000| Untracked 
|  17|0x00000000c3d00000, 0x00000000c3d00000, 0x00000000c3e00000|  0%| F|  |TAMS 0x00000000c3d00000, 0x00000000c3d00000| Untracked 
|  18|0x00000000c3e00000, 0x00000000c3e00000, 0x00000000c3f00000|  0%| F|  |TAMS 0x00000000c3e00000, 0x00000000c3e00000| Untracked 
|  19|0x00000000c3f00000, 0x00000000c3f00000, 0x00000000c4000000|  0%| F|  |TAMS 0x00000000c3f00000, 0x00000000c3f00000| Untracked 
|  20|0x00000000c4000000, 0x00000000c4000000, 0x00000000c4100000|  0%| F|  |TAMS 0x00000000c4000000, 0x00000000c4000000| Untracked 
|  21|0x00000000c4100000, 0x00000000c4100000, 0x00000000c4200000|  0%| F|  |TAMS 0x00000000c4100000, 0x00000000c4100000| Untracked 
|  22|0x00000000c4200000, 0x00000000c4200000, 0x00000000c4300000|  0%| F|  |TAMS 0x00000000c4200000, 0x00000000c4200000| Untracked 
|  23|0x00000000c4300000, 0x00000000c4300000, 0x00000000c4400000|  0%| F|  |TAMS 0x00000000c4300000, 0x00000000c4300000| Untracked 
|  24|0x00000000c4400000, 0x00000000c4400000, 0x00000000c4500000|  0%| F|  |TAMS 0x00000000c4400000, 0x00000000c4400000| Untracked 
|  25|0x00000000c4500000, 0x00000000c4500000, 0x00000000c4600000|  0%| F|  |TAMS 0x00000000c4500000, 0x00000000c4500000| Untracked 
|  26|0x00000000c4600000, 0x00000000c4600000, 0x00000000c4700000|  0%| F|  |TAMS 0x00000000c4600000, 0x00000000c4600000| Untracked 
|  27|0x00000000c4700000, 0x00000000c4700000, 0x00000000c4800000|  0%| F|  |TAMS 0x00000000c4700000, 0x00000000c4700000| Untracked 
|  28|0x00000000c4800000, 0x00000000c4800000, 0x00000000c4900000|  0%| F|  |TAMS 0x00000000c4800000, 0x00000000c4800000| Untracked 
|  29|0x00000000c4900000, 0x00000000c4900000, 0x00000000c4a00000|  0%| F|  |TAMS 0x00000000c4900000, 0x00000000c4900000| Untracked 
|  30|0x00000000c4a00000, 0x00000000c4a00000, 0x00000000c4b00000|  0%| F|  |TAMS 0x00000000c4a00000, 0x00000000c4a00000| Untracked 
|  31|0x00000000c4b00000, 0x00000000c4b00000, 0x00000000c4c00000|  0%| F|  |TAMS 0x00000000c4b00000, 0x00000000c4b00000| Untracked 
|  32|0x00000000c4c00000, 0x00000000c4c00000, 0x00000000c4d00000|  0%| F|  |TAMS 0x00000000c4c00000, 0x00000000c4c00000| Untracked 
|  33|0x00000000c4d00000, 0x00000000c4d00000, 0x00000000c4e00000|  0%| F|  |TAMS 0x00000000c4d00000, 0x00000000c4d00000| Untracked 
|  34|0x00000000c4e00000, 0x00000000c4e00000, 0x00000000c4f00000|  0%| F|  |TAMS 0x00000000c4e00000, 0x00000000c4e00000| Untracked 
|  35|0x00000000c4f00000, 0x00000000c4f00000, 0x00000000c5000000|  0%| F|  |TAMS 0x00000000c4f00000, 0x00000000c4f00000| Untracked 
|  36|0x00000000c5000000, 0x00000000c5000000, 0x00000000c5100000|  0%| F|  |TAMS 0x00000000c5000000, 0x00000000c5000000| Untracked 
|  37|0x00000000c5100000, 0x00000000c5100000, 0x00000000c5200000|  0%| F|  |TAMS 0x00000000c5100000, 0x00000000c5100000| Untracked 
|  38|0x00000000c5200000, 0x00000000c5200000, 0x00000000c5300000|  0%| F|  |TAMS 0x00000000c5200000, 0x00000000c5200000| Untracked 
|  39|0x00000000c5300000, 0x00000000c5300000, 0x00000000c5400000|  0%| F|  |TAMS 0x00000000c5300000, 0x00000000c5300000| Untracked 
|  40|0x00000000c5400000, 0x00000000c544b3a8, 0x00000000c5500000| 29%| E|  |TAMS 0x00000000c5400000, 0x00000000c5400000| Complete 
|  41|0x00000000c5500000, 0x00000000c5600000, 0x00000000c5600000|100%| E|CS|TAMS 0x00000000c5500000, 0x00000000c5500000| Complete 
|  42|0x00000000c5600000, 0x00000000c5691358, 0x00000000c5700000| 56%| S|CS|TAMS 0x00000000c5600000, 0x00000000c5600000| Complete 
|  43|0x00000000c5700000, 0x00000000c5800000, 0x00000000c5800000|100%| S|CS|TAMS 0x00000000c5700000, 0x00000000c5700000| Complete 
|  44|0x00000000c5800000, 0x00000000c5900000, 0x00000000c5900000|100%| S|CS|TAMS 0x00000000c5800000, 0x00000000c5800000| Complete 
|  45|0x00000000c5900000, 0x00000000c5a00000, 0x00000000c5a00000|100%| E|  |TAMS 0x00000000c5900000, 0x00000000c5900000| Complete 
|  46|0x00000000c5a00000, 0x00000000c5b00000, 0x00000000c5b00000|100%| E|CS|TAMS 0x00000000c5a00000, 0x00000000c5a00000| Complete 
|  47|0x00000000c5b00000, 0x00000000c5c00000, 0x00000000c5c00000|100%| E|CS|TAMS 0x00000000c5b00000, 0x00000000c5b00000| Complete 
|  48|0x00000000c5c00000, 0x00000000c5d00000, 0x00000000c5d00000|100%| E|CS|TAMS 0x00000000c5c00000, 0x00000000c5c00000| Complete 
|  49|0x00000000c5d00000, 0x00000000c5e00000, 0x00000000c5e00000|100%| E|CS|TAMS 0x00000000c5d00000, 0x00000000c5d00000| Complete 
|  50|0x00000000c5e00000, 0x00000000c5f00000, 0x00000000c5f00000|100%| E|CS|TAMS 0x00000000c5e00000, 0x00000000c5e00000| Complete 
|  51|0x00000000c5f00000, 0x00000000c6000000, 0x00000000c6000000|100%| E|CS|TAMS 0x00000000c5f00000, 0x00000000c5f00000| Complete 
|  52|0x00000000c6000000, 0x00000000c6100000, 0x00000000c6100000|100%| E|CS|TAMS 0x00000000c6000000, 0x00000000c6000000| Complete 
|  53|0x00000000c6100000, 0x00000000c6200000, 0x00000000c6200000|100%| E|CS|TAMS 0x00000000c6100000, 0x00000000c6100000| Complete 
|  54|0x00000000c6200000, 0x00000000c6300000, 0x00000000c6300000|100%| E|CS|TAMS 0x00000000c6200000, 0x00000000c6200000| Complete 
|  55|0x00000000c6300000, 0x00000000c6400000, 0x00000000c6400000|100%| E|CS|TAMS 0x00000000c6300000, 0x00000000c6300000| Complete 
|  56|0x00000000c6400000, 0x00000000c6500000, 0x00000000c6500000|100%| E|CS|TAMS 0x00000000c6400000, 0x00000000c6400000| Complete 
|  57|0x00000000c6500000, 0x00000000c6600000, 0x00000000c6600000|100%| E|CS|TAMS 0x00000000c6500000, 0x00000000c6500000| Complete 
|  58|0x00000000c6600000, 0x00000000c6700000, 0x00000000c6700000|100%| E|CS|TAMS 0x00000000c6600000, 0x00000000c6600000| Complete 
|  59|0x00000000c6700000, 0x00000000c6800000, 0x00000000c6800000|100%| E|CS|TAMS 0x00000000c6700000, 0x00000000c6700000| Complete 
|  60|0x00000000c6800000, 0x00000000c6900000, 0x00000000c6900000|100%| E|CS|TAMS 0x00000000c6800000, 0x00000000c6800000| Complete 
|  61|0x00000000c6900000, 0x00000000c6a00000, 0x00000000c6a00000|100%| E|CS|TAMS 0x00000000c6900000, 0x00000000c6900000| Complete 

Card table byte_map: [0x00000162ebaa0000,0x00000162ebc90000] _byte_map_base: 0x00000162eb48a000

Marking Bits (Prev, Next): (CMBitMap*) 0x00000162ebcecd60, (CMBitMap*) 0x00000162ebcecda0
 Prev Bits: [0x00000162f36c0000, 0x00000162f4610000)
 Next Bits: [0x00000162f4610000, 0x00000162f5560000)

Polling page: 0x00000162e9c50000

Metaspace:

Usage:
  Non-class:     14.88 MB used.
      Class:      2.59 MB used.
       Both:     17.47 MB used.

Virtual space:
  Non-class space:       16.00 MB reserved,      15.00 MB ( 94%) committed,  2 nodes.
      Class space:        1.00 GB reserved,       2.69 MB ( <1%) committed,  1 nodes.
             Both:        1.02 GB reserved,      17.69 MB (  2%) committed. 

Chunk freelists:
   Non-Class:  384.00 KB
       Class:  1.25 MB
        Both:  1.62 MB

MaxMetaspaceSize: unlimited
CompressedClassSpaceSize: 1.00 GB
Initial GC threshold: 21.00 MB
Current GC threshold: 21.00 MB
CDS: on
MetaspaceReclaimPolicy: balanced
 - commit_granule_bytes: 65536.
 - commit_granule_words: 8192.
 - virtual_space_node_default_size: 1048576.
 - enlarge_chunks_in_place: 1.
 - new_chunks_are_fully_committed: 0.
 - uncommit_free_chunks: 1.
 - use_allocation_guard: 0.
 - handle_deallocations: 1.


Internal statistics:

num_allocs_failed_limit: 0.
num_arena_births: 224.
num_arena_deaths: 0.
num_vsnodes_births: 3.
num_vsnodes_deaths: 0.
num_space_committed: 283.
num_space_uncommitted: 0.
num_chunks_returned_to_freelist: 0.
num_chunks_taken_from_freelist: 809.
num_chunk_merges: 0.
num_chunk_splits: 567.
num_chunks_enlarged: 439.
num_purges: 0.
num_inconsistent_stats: 0.

CodeHeap 'non-profiled nmethods': size=120064Kb used=987Kb max_used=987Kb free=119076Kb
 bounds [0x0000016287ac0000, 0x0000016287d30000, 0x000001628f000000]
CodeHeap 'profiled nmethods': size=120000Kb used=6049Kb max_used=6049Kb free=113950Kb
 bounds [0x0000016280590000, 0x0000016280b80000, 0x0000016287ac0000]
CodeHeap 'non-nmethods': size=5696Kb used=1431Kb max_used=1473Kb free=4264Kb
 bounds [0x0000016280000000, 0x0000016280270000, 0x0000016280590000]
 total_blobs=3697 nmethods=2901 adapters=709
 compilation: enabled
              stopped_count=0, restarted_count=0
 full_count=0

Compilation events (20 events):
Event: 328.154 Thread 0x00000162f7898960 2892       3       javafx.scene.input.PickResult::<init> (47 bytes)
Event: 328.154 Thread 0x00000162f7898960 nmethod 2892 0x0000016280b71f90 code [0x0000016280b72140, 0x0000016280b723d8]
Event: 328.154 Thread 0x00000162f7898960 2893       3       com.sun.javafx.scene.input.PickResultChooser::processOffer (146 bytes)
Event: 328.155 Thread 0x00000162f7898960 nmethod 2893 0x0000016280b72490 code [0x0000016280b726e0, 0x0000016280b733c8]
Event: 328.167 Thread 0x00000162f7898960 2894       3       com.sun.glass.ui.View::notifyMouse (221 bytes)
Event: 328.170 Thread 0x00000162f7898960 nmethod 2894 0x0000016280b73810 code [0x0000016280b73b00, 0x0000016280b74f58]
Event: 328.170 Thread 0x00000162f7898960 2895       3       com.sun.glass.ui.Window::handleMouseEvent (26 bytes)
Event: 328.170 Thread 0x00000162f7898960 nmethod 2895 0x0000016280b75590 code [0x0000016280b75740, 0x0000016280b75908]
Event: 328.170 Thread 0x00000162f7898960 2896       3       com.sun.glass.ui.Window$UndecoratedMoveResizeHelper::handleMouseEvent (157 bytes)
Event: 328.170 Thread 0x00000162f7898960 nmethod 2896 0x0000016280b75a10 code [0x0000016280b75c60, 0x0000016280b76558]
Event: 328.174 Thread 0x00000162f7898960 2897       3       java.util.EnumMap::values (25 bytes)
Event: 328.175 Thread 0x00000162f7898960 nmethod 2897 0x0000016280b76790 code [0x0000016280b76940, 0x0000016280b76cb8]
Event: 328.175 Thread 0x00000162f7898960 2898       3       java.util.EnumMap$Values::iterator (12 bytes)
Event: 328.175 Thread 0x00000162f7898960 nmethod 2898 0x0000016280b76e10 code [0x0000016280b76fc0, 0x0000016280b77318]
Event: 328.175 Thread 0x00000162f7898960 2899       3       java.util.EnumMap$ValueIterator::<init> (11 bytes)
Event: 328.175 Thread 0x00000162f7898960 nmethod 2899 0x0000016280b77410 code [0x0000016280b775c0, 0x0000016280b77858]
Event: 329.296 Thread 0x00000162f7898960 2900       3       java.nio.ByteBuffer::arrayOffset (35 bytes)
Event: 329.296 Thread 0x00000162f7898960 nmethod 2900 0x0000016280b77990 code [0x0000016280b77b60, 0x0000016280b77e38]
Event: 329.296 Thread 0x00000162f7898960 2901       3       java.nio.ByteBuffer::array (35 bytes)
Event: 329.297 Thread 0x00000162f7898960 nmethod 2901 0x0000016280b77f90 code [0x0000016280b78160, 0x0000016280b78438]

GC Heap History (8 events):
Event: 0.625 GC heap before
{Heap before GC invocations=0 (full 0):
 garbage-first heap   total 63488K, used 8192K [0x00000000c2c00000, 0x0000000100000000)
  region size 1024K, 6 young (6144K), 0 survivors (0K)
 Metaspace       used 2203K, committed 2432K, reserved 1056768K
  class space    used 228K, committed 320K, reserved 1048576K
}
Event: 0.630 GC heap after
{Heap after GC invocations=1 (full 0):
 garbage-first heap   total 63488K, used 2938K [0x00000000c2c00000, 0x0000000100000000)
  region size 1024K, 1 young (1024K), 1 survivors (1024K)
 Metaspace       used 2203K, committed 2432K, reserved 1056768K
  class space    used 228K, committed 320K, reserved 1048576K
}
Event: 0.978 GC heap before
{Heap before GC invocations=1 (full 0):
 garbage-first heap   total 63488K, used 7034K [0x00000000c2c00000, 0x0000000100000000)
  region size 1024K, 5 young (5120K), 1 survivors (1024K)
 Metaspace       used 3500K, committed 3712K, reserved 1056768K
  class space    used 364K, committed 448K, reserved 1048576K
}
Event: 0.981 GC heap after
{Heap after GC invocations=2 (full 0):
 garbage-first heap   total 63488K, used 3309K [0x00000000c2c00000, 0x0000000100000000)
  region size 1024K, 1 young (1024K), 1 survivors (1024K)
 Metaspace       used 3500K, committed 3712K, reserved 1056768K
  class space    used 364K, committed 448K, reserved 1048576K
}
Event: 1.402 GC heap before
{Heap before GC invocations=2 (full 0):
 garbage-first heap   total 63488K, used 14573K [0x00000000c2c00000, 0x0000000100000000)
  region size 1024K, 13 young (13312K), 1 survivors (1024K)
 Metaspace       used 8101K, committed 8256K, reserved 1064960K
  class space    used 992K, committed 1088K, reserved 1048576K
}
Event: 1.408 GC heap after
{Heap after GC invocations=3 (full 0):
 garbage-first heap   total 63488K, used 5898K [0x00000000c2c00000, 0x0000000100000000)
  region size 1024K, 2 young (2048K), 2 survivors (2048K)
 Metaspace       used 8101K, committed 8256K, reserved 1064960K
  class space    used 992K, committed 1088K, reserved 1048576K
}
Event: 2.304 GC heap before
{Heap before GC invocations=3 (full 0):
 garbage-first heap   total 63488K, used 20234K [0x00000000c2c00000, 0x0000000100000000)
  region size 1024K, 17 young (17408K), 2 survivors (2048K)
 Metaspace       used 12988K, committed 13184K, reserved 1064960K
  class space    used 1814K, committed 1920K, reserved 1048576K
}
Event: 2.317 GC heap after
{Heap after GC invocations=4 (full 0):
 garbage-first heap   total 63488K, used 8334K [0x00000000c2c00000, 0x0000000100000000)
  region size 1024K, 3 young (3072K), 3 survivors (3072K)
 Metaspace       used 12988K, committed 13184K, reserved 1064960K
  class space    used 1814K, committed 1920K, reserved 1048576K
}

Deoptimization events (20 events):
Event: 2.413 Thread 0x00000162f8a99300 Uncommon trap: trap_request=0xffffff45 fr.pc=0x0000016287b3672c relative=0x000000000000010c
Event: 2.413 Thread 0x00000162f8a99300 Uncommon trap: reason=unstable_if action=reinterpret pc=0x0000016287b3672c method=java.lang.ClassLoader.checkName(Ljava/lang/String;)Z @ 20 c2
Event: 2.413 Thread 0x00000162f8a99300 DEOPT PACKING pc=0x0000016287b3672c sp=0x0000001ea8dfced0
Event: 2.413 Thread 0x00000162f8a99300 DEOPT UNPACKING pc=0x000001628005239d sp=0x0000001ea8dfce60 mode 2
Event: 3.066 Thread 0x00000162f8a99300 Uncommon trap: trap_request=0xffffff45 fr.pc=0x0000016287b59888 relative=0x00000000000004a8
Event: 3.066 Thread 0x00000162f8a99300 Uncommon trap: reason=unstable_if action=reinterpret pc=0x0000016287b59888 method=com.sun.javafx.css.BitSet.add(Ljava/lang/Object;)Z @ 91 c2
Event: 3.066 Thread 0x00000162f8a99300 DEOPT PACKING pc=0x0000016287b59888 sp=0x0000001ea8dfd940
Event: 3.066 Thread 0x00000162f8a99300 DEOPT UNPACKING pc=0x000001628005239d sp=0x0000001ea8dfd900 mode 2
Event: 3.275 Thread 0x00000162f89d9b50 Uncommon trap: trap_request=0xffffff45 fr.pc=0x0000016287b36178 relative=0x0000000000000258
Event: 3.275 Thread 0x00000162f89d9b50 Uncommon trap: reason=unstable_if action=reinterpret pc=0x0000016287b36178 method=java.util.Arrays.equals([Ljava/lang/Object;[Ljava/lang/Object;)Z @ 23 c2
Event: 3.275 Thread 0x00000162f89d9b50 DEOPT PACKING pc=0x0000016287b36178 sp=0x0000001ea8bfdd30
Event: 3.275 Thread 0x00000162f89d9b50 DEOPT UNPACKING pc=0x000001628005239d sp=0x0000001ea8bfdc60 mode 2
Event: 325.091 Thread 0x00000162f8c89610 Uncommon trap: trap_request=0xffffff45 fr.pc=0x0000016287bb3658 relative=0x0000000000000478
Event: 325.094 Thread 0x00000162f8c89610 Uncommon trap: reason=unstable_if action=reinterpret pc=0x0000016287bb3658 method=com.sun.javafx.tk.quantum.QuantumToolkit.postPulse()V @ 88 c2
Event: 325.095 Thread 0x00000162f8c89610 DEOPT PACKING pc=0x0000016287bb3658 sp=0x0000001ea90ff360
Event: 325.097 Thread 0x00000162f8c89610 DEOPT UNPACKING pc=0x000001628005239d sp=0x0000001ea90ff288 mode 2
Event: 325.098 Thread 0x00000162f8c89610 Uncommon trap: trap_request=0xffffff45 fr.pc=0x0000016287bb2b38 relative=0x0000000000000458
Event: 325.098 Thread 0x00000162f8c89610 Uncommon trap: reason=unstable_if action=reinterpret pc=0x0000016287bb2b38 method=com.sun.javafx.tk.quantum.QuantumToolkit.postPulse()V @ 88 c2
Event: 325.098 Thread 0x00000162f8c89610 DEOPT PACKING pc=0x0000016287bb2b38 sp=0x0000001ea90ff2a0
Event: 325.098 Thread 0x00000162f8c89610 DEOPT UNPACKING pc=0x000001628005239d sp=0x0000001ea90ff278 mode 2

Classes unloaded (0 events):
No events

Classes redefined (0 events):
No events

Internal exceptions (20 events):
Event: 327.205 Thread 0x00000162f8a99300 Exception <a 'java/lang/NoSuchMethodError'{0x00000000c5415700}: setDragButton> (0x00000000c5415700) 
thrown [t:\workspace\open\src\hotspot\share\prims\jni.cpp, line 1073]
Event: 329.296 Thread 0x00000162f8a99300 Exception <a 'java/io/IOException'{0x00000000c5424778}> (0x00000000c5424778) 
thrown [t:\workspace\open\src\hotspot\share\prims\jni.cpp, line 516]
Event: 329.296 Thread 0x00000162f8a99300 Exception <a 'java/io/IOException'{0x00000000c5424d68}> (0x00000000c5424d68) 
thrown [t:\workspace\open\src\hotspot\share\prims\jni.cpp, line 516]
Event: 329.296 Thread 0x00000162f8a99300 Exception <a 'java/io/IOException'{0x00000000c5425078}> (0x00000000c5425078) 
thrown [t:\workspace\open\src\hotspot\share\prims\jni.cpp, line 516]
Event: 329.296 Thread 0x00000162f8a99300 Exception <a 'java/io/IOException'{0x00000000c5425a08}> (0x00000000c5425a08) 
thrown [t:\workspace\open\src\hotspot\share\prims\jni.cpp, line 516]
Event: 329.296 Thread 0x00000162f8a99300 Exception <a 'java/io/IOException'{0x00000000c5425d18}> (0x00000000c5425d18) 
thrown [t:\workspace\open\src\hotspot\share\prims\jni.cpp, line 516]
Event: 329.296 Thread 0x00000162f8a99300 Exception <a 'java/io/IOException'{0x00000000c5426538}> (0x00000000c5426538) 
thrown [t:\workspace\open\src\hotspot\share\prims\jni.cpp, line 516]
Event: 329.296 Thread 0x00000162f8a99300 Exception <a 'java/io/IOException'{0x00000000c5426848}> (0x00000000c5426848) 
thrown [t:\workspace\open\src\hotspot\share\prims\jni.cpp, line 516]
Event: 329.296 Thread 0x00000162f8a99300 Exception <a 'java/io/IOException'{0x00000000c5426f98}> (0x00000000c5426f98) 
thrown [t:\workspace\open\src\hotspot\share\prims\jni.cpp, line 516]
Event: 329.296 Thread 0x00000162f8a99300 Exception <a 'java/io/IOException'{0x00000000c54272a8}> (0x00000000c54272a8) 
thrown [t:\workspace\open\src\hotspot\share\prims\jni.cpp, line 516]
Event: 329.296 Thread 0x00000162f8a99300 Exception <a 'java/io/IOException'{0x00000000c5427920}> (0x00000000c5427920) 
thrown [t:\workspace\open\src\hotspot\share\prims\jni.cpp, line 516]
Event: 329.296 Thread 0x00000162f8a99300 Exception <a 'java/io/IOException'{0x00000000c5427c30}> (0x00000000c5427c30) 
thrown [t:\workspace\open\src\hotspot\share\prims\jni.cpp, line 516]
Event: 329.296 Thread 0x00000162f8a99300 Exception <a 'java/io/IOException'{0x00000000c5428318}> (0x00000000c5428318) 
thrown [t:\workspace\open\src\hotspot\share\prims\jni.cpp, line 516]
Event: 329.296 Thread 0x00000162f8a99300 Exception <a 'java/io/IOException'{0x00000000c5428628}> (0x00000000c5428628) 
thrown [t:\workspace\open\src\hotspot\share\prims\jni.cpp, line 516]
Event: 329.296 Thread 0x00000162f8a99300 Exception <a 'java/io/IOException'{0x00000000c5428b90}> (0x00000000c5428b90) 
thrown [t:\workspace\open\src\hotspot\share\prims\jni.cpp, line 516]
Event: 329.296 Thread 0x00000162f8a99300 Exception <a 'java/io/IOException'{0x00000000c5428ea0}> (0x00000000c5428ea0) 
thrown [t:\workspace\open\src\hotspot\share\prims\jni.cpp, line 516]
Event: 329.297 Thread 0x00000162f8a99300 Exception <a 'java/io/IOException'{0x00000000c54295a0}> (0x00000000c54295a0) 
thrown [t:\workspace\open\src\hotspot\share\prims\jni.cpp, line 516]
Event: 329.297 Thread 0x00000162f8a99300 Exception <a 'java/io/IOException'{0x00000000c54298b0}> (0x00000000c54298b0) 
thrown [t:\workspace\open\src\hotspot\share\prims\jni.cpp, line 516]
Event: 329.297 Thread 0x00000162f8a99300 Exception <a 'java/io/IOException'{0x00000000c5429f90}> (0x00000000c5429f90) 
thrown [t:\workspace\open\src\hotspot\share\prims\jni.cpp, line 516]
Event: 329.297 Thread 0x00000162f8a99300 Exception <a 'java/io/IOException'{0x00000000c542a2a0}> (0x00000000c542a2a0) 
thrown [t:\workspace\open\src\hotspot\share\prims\jni.cpp, line 516]

VM Operations (20 events):
Event: 9.195 Executing VM operation: Cleanup
Event: 9.195 Executing VM operation: Cleanup done
Event: 16.200 Executing VM operation: Cleanup
Event: 16.200 Executing VM operation: Cleanup done
Event: 17.201 Executing VM operation: Cleanup
Event: 17.201 Executing VM operation: Cleanup done
Event: 19.203 Executing VM operation: Cleanup
Event: 19.203 Executing VM operation: Cleanup done
Event: 20.206 Executing VM operation: Cleanup
Event: 20.206 Executing VM operation: Cleanup done
Event: 21.207 Executing VM operation: Cleanup
Event: 21.207 Executing VM operation: Cleanup done
Event: 325.156 Executing VM operation: Cleanup
Event: 325.157 Executing VM operation: Cleanup done
Event: 326.157 Executing VM operation: Cleanup
Event: 326.157 Executing VM operation: Cleanup done
Event: 328.157 Executing VM operation: Cleanup
Event: 328.157 Executing VM operation: Cleanup done
Event: 329.158 Executing VM operation: Cleanup
Event: 329.158 Executing VM operation: Cleanup done

Events (20 events):
Event: 3.479 loading class java/util/concurrent/ConcurrentLinkedQueue$Node done
Event: 3.482 loading class jdk/internal/ref/CleanerImpl$InnocuousThreadFactory
Event: 3.482 loading class jdk/internal/ref/CleanerImpl$InnocuousThreadFactory done
Event: 3.482 Thread 0x000001628f389040 Thread added: 0x000001628f389040
Event: 3.494 loading class jdk/internal/math/FDBigInteger
Event: 3.494 loading class jdk/internal/math/FDBigInteger done
Event: 3.502 loading class sun/misc/Unsafe
Event: 3.502 loading class sun/misc/Unsafe done
Event: 3.502 loading class jdk/internal/reflect/UnsafeQualifiedStaticObjectFieldAccessorImpl
Event: 3.503 loading class jdk/internal/reflect/UnsafeQualifiedStaticFieldAccessorImpl
Event: 3.503 loading class jdk/internal/reflect/UnsafeQualifiedStaticFieldAccessorImpl done
Event: 3.503 loading class jdk/internal/reflect/UnsafeQualifiedStaticObjectFieldAccessorImpl done
Event: 326.990 loading class java/util/zip/ZipException
Event: 326.990 loading class java/util/zip/ZipException done
Event: 326.991 loading class java/util/zip/DataFormatException
Event: 326.992 loading class java/util/zip/DataFormatException done
Event: 326.993 loading class java/lang/Throwable$WrappedPrintStream
Event: 326.994 loading class java/lang/Throwable$PrintStreamOrWriter
Event: 326.994 loading class java/lang/Throwable$PrintStreamOrWriter done
Event: 326.994 loading class java/lang/Throwable$WrappedPrintStream done


Dynamic libraries:
0x00007ff7e8190000 - 0x00007ff7e81a0000 	C:\Program Files\Java\jdk-17\bin\javaw.exe
0x00007ff84ca70000 - 0x00007ff84cc65000 	C:\WINDOWS\SYSTEM32\ntdll.dll
0x00007ff821870000 - 0x00007ff821885000 	C:\Program Files\Avast Software\Avast\aswhook.dll
0x00007ff84aac0000 - 0x00007ff84ab7e000 	C:\WINDOWS\System32\KERNEL32.DLL
0x00007ff84a7f0000 - 0x00007ff84aab9000 	C:\WINDOWS\System32\KERNELBASE.dll
0x00007ff84a190000 - 0x00007ff84a290000 	C:\WINDOWS\System32\ucrtbase.dll
0x00007ff833040000 - 0x00007ff83305a000 	C:\Program Files\Java\jdk-17\bin\VCRUNTIME140.dll
0x00007ff833020000 - 0x00007ff833038000 	C:\Program Files\Java\jdk-17\bin\jli.dll
0x00007ff84be90000 - 0x00007ff84bf3c000 	C:\WINDOWS\System32\ADVAPI32.dll
0x00007ff84aeb0000 - 0x00007ff84af4e000 	C:\WINDOWS\System32\msvcrt.dll
0x00007ff84bca0000 - 0x00007ff84bd3b000 	C:\WINDOWS\System32\sechost.dll
0x00007ff84c3f0000 - 0x00007ff84c51a000 	C:\WINDOWS\System32\RPCRT4.dll
0x00007ff84b7e0000 - 0x00007ff84b981000 	C:\WINDOWS\System32\USER32.dll
0x00007ff84a370000 - 0x00007ff84a392000 	C:\WINDOWS\System32\win32u.dll
0x00007ff82af70000 - 0x00007ff82b20a000 	C:\WINDOWS\WinSxS\amd64_microsoft.windows.common-controls_6595b64144ccf1df_6.0.19041.1110_none_60b5254171f9507e\COMCTL32.dll
0x00007ff84c2a0000 - 0x00007ff84c2cb000 	C:\WINDOWS\System32\GDI32.dll
0x00007ff84a3a0000 - 0x00007ff84a4ab000 	C:\WINDOWS\System32\gdi32full.dll
0x00007ff84a6f0000 - 0x00007ff84a78d000 	C:\WINDOWS\System32\msvcp_win.dll
0x00007ff83bf60000 - 0x00007ff83bf6a000 	C:\WINDOWS\SYSTEM32\VERSION.dll
0x00007ff84adc0000 - 0x00007ff84adf0000 	C:\WINDOWS\System32\IMM32.DLL
0x00007ff83a380000 - 0x00007ff83a38c000 	C:\Program Files\Java\jdk-17\bin\vcruntime140_1.dll
0x00007ff82f5e0000 - 0x00007ff82f66d000 	C:\Program Files\Java\jdk-17\bin\msvcp140.dll
0x00007ffffadd0000 - 0x00007ffffb98e000 	C:\Program Files\Java\jdk-17\bin\server\jvm.dll
0x00007ff84aea0000 - 0x00007ff84aea8000 	C:\WINDOWS\System32\PSAPI.DLL
0x00007ff8368b0000 - 0x00007ff8368b9000 	C:\WINDOWS\SYSTEM32\WSOCK32.dll
0x00007ff8323f0000 - 0x00007ff832417000 	C:\WINDOWS\SYSTEM32\WINMM.dll
0x00007ff84c520000 - 0x00007ff84c58b000 	C:\WINDOWS\System32\WS2_32.dll
0x00007ff848d60000 - 0x00007ff848d72000 	C:\WINDOWS\SYSTEM32\kernel.appcore.dll
0x00007ff83a320000 - 0x00007ff83a32a000 	C:\Program Files\Java\jdk-17\bin\jimage.dll
0x00007ff848720000 - 0x00007ff848904000 	C:\WINDOWS\SYSTEM32\DBGHELP.DLL
0x00007ff83bd20000 - 0x00007ff83bd4c000 	C:\WINDOWS\SYSTEM32\dbgcore.DLL
0x00007ff84a500000 - 0x00007ff84a583000 	C:\WINDOWS\System32\bcryptPrimitives.dll
0x00007ff832ff0000 - 0x00007ff833015000 	C:\Program Files\Java\jdk-17\bin\java.dll
0x00007ff82f500000 - 0x00007ff82f5d6000 	C:\Program Files\Java\jdk-17\bin\svml.dll
0x00007ff84af50000 - 0x00007ff84b68f000 	C:\WINDOWS\System32\SHELL32.dll
0x00007ff847ec0000 - 0x00007ff848650000 	C:\WINDOWS\SYSTEM32\windows.storage.dll
0x00007ff84bf40000 - 0x00007ff84c295000 	C:\WINDOWS\System32\combase.dll
0x00007ff849b70000 - 0x00007ff849b9c000 	C:\WINDOWS\SYSTEM32\Wldp.dll
0x00007ff84adf0000 - 0x00007ff84ae9e000 	C:\WINDOWS\System32\SHCORE.dll
0x00007ff84b720000 - 0x00007ff84b775000 	C:\WINDOWS\System32\shlwapi.dll
0x00007ff84a0d0000 - 0x00007ff84a0ef000 	C:\WINDOWS\SYSTEM32\profapi.dll
0x00007ff832fd0000 - 0x00007ff832fe9000 	C:\Program Files\Java\jdk-17\bin\net.dll
0x00007ff837170000 - 0x00007ff837278000 	C:\WINDOWS\SYSTEM32\WINHTTP.dll
0x00007ff8498d0000 - 0x00007ff84993a000 	C:\WINDOWS\system32\mswsock.dll
0x00007ff832f30000 - 0x00007ff832f45000 	C:\Program Files\Java\jdk-17\bin\nio.dll
0x00007ff82f6a0000 - 0x00007ff82f6b8000 	C:\Program Files\Java\jdk-17\bin\zip.dll
0x00000162e9cc0000 - 0x00000162e9cc3000 	C:\Users\marij_mokoginta\.openjfx\cache\17-ea\api-ms-win-core-console-l1-1-0.dll
0x00000162e9cd0000 - 0x00000162e9cd3000 	C:\Users\marij_mokoginta\.openjfx\cache\17-ea\api-ms-win-core-console-l1-2-0.dll
0x00000162e9ce0000 - 0x00000162e9ce3000 	C:\Users\marij_mokoginta\.openjfx\cache\17-ea\api-ms-win-core-datetime-l1-1-0.dll
0x00000162ebc90000 - 0x00000162ebc93000 	C:\Users\marij_mokoginta\.openjfx\cache\17-ea\api-ms-win-core-debug-l1-1-0.dll
0x00000162f7bc0000 - 0x00000162f7bc3000 	C:\Users\marij_mokoginta\.openjfx\cache\17-ea\api-ms-win-core-errorhandling-l1-1-0.dll
0x00000162f7bd0000 - 0x00000162f7bd4000 	C:\Users\marij_mokoginta\.openjfx\cache\17-ea\api-ms-win-core-file-l1-1-0.dll
0x00000162f7be0000 - 0x00000162f7be3000 	C:\Users\marij_mokoginta\.openjfx\cache\17-ea\api-ms-win-core-file-l1-2-0.dll
0x00000162f7bf0000 - 0x00000162f7bf3000 	C:\Users\marij_mokoginta\.openjfx\cache\17-ea\api-ms-win-core-file-l2-1-0.dll
0x00000162f9000000 - 0x00000162f9003000 	C:\Users\marij_mokoginta\.openjfx\cache\17-ea\api-ms-win-core-handle-l1-1-0.dll
0x00000162f9010000 - 0x00000162f9013000 	C:\Users\marij_mokoginta\.openjfx\cache\17-ea\api-ms-win-core-heap-l1-1-0.dll
0x00000162f9020000 - 0x00000162f9023000 	C:\Users\marij_mokoginta\.openjfx\cache\17-ea\api-ms-win-core-interlocked-l1-1-0.dll
0x00000162f9030000 - 0x00000162f9033000 	C:\Users\marij_mokoginta\.openjfx\cache\17-ea\api-ms-win-core-libraryloader-l1-1-0.dll
0x00000162f9040000 - 0x00000162f9043000 	C:\Users\marij_mokoginta\.openjfx\cache\17-ea\api-ms-win-core-localization-l1-2-0.dll
0x00000162f9050000 - 0x00000162f9053000 	C:\Users\marij_mokoginta\.openjfx\cache\17-ea\api-ms-win-core-memory-l1-1-0.dll
0x00000162f9060000 - 0x00000162f9063000 	C:\Users\marij_mokoginta\.openjfx\cache\17-ea\api-ms-win-core-namedpipe-l1-1-0.dll
0x00000162f9070000 - 0x00000162f9073000 	C:\Users\marij_mokoginta\.openjfx\cache\17-ea\api-ms-win-core-processenvironment-l1-1-0.dll
0x00000162f9080000 - 0x00000162f9083000 	C:\Users\marij_mokoginta\.openjfx\cache\17-ea\api-ms-win-core-processthreads-l1-1-0.dll
0x00000162f9090000 - 0x00000162f9093000 	C:\Users\marij_mokoginta\.openjfx\cache\17-ea\api-ms-win-core-processthreads-l1-1-1.dll
0x00000162f90a0000 - 0x00000162f90a3000 	C:\Users\marij_mokoginta\.openjfx\cache\17-ea\api-ms-win-core-profile-l1-1-0.dll
0x00000162f90b0000 - 0x00000162f90b3000 	C:\Users\marij_mokoginta\.openjfx\cache\17-ea\api-ms-win-core-rtlsupport-l1-1-0.dll
0x00000162f90c0000 - 0x00000162f90c3000 	C:\Users\marij_mokoginta\.openjfx\cache\17-ea\api-ms-win-core-string-l1-1-0.dll
0x00000162f90d0000 - 0x00000162f90d3000 	C:\Users\marij_mokoginta\.openjfx\cache\17-ea\api-ms-win-core-synch-l1-1-0.dll
0x00000162f90e0000 - 0x00000162f90e3000 	C:\Users\marij_mokoginta\.openjfx\cache\17-ea\api-ms-win-core-synch-l1-2-0.dll
0x00000162f90f0000 - 0x00000162f90f3000 	C:\Users\marij_mokoginta\.openjfx\cache\17-ea\api-ms-win-core-sysinfo-l1-1-0.dll
0x00000162f9100000 - 0x00000162f9103000 	C:\Users\marij_mokoginta\.openjfx\cache\17-ea\api-ms-win-core-timezone-l1-1-0.dll
0x00000162f9110000 - 0x00000162f9113000 	C:\Users\marij_mokoginta\.openjfx\cache\17-ea\api-ms-win-core-util-l1-1-0.dll
0x00000162f9120000 - 0x00000162f9123000 	C:\Users\marij_mokoginta\.openjfx\cache\17-ea\api-ms-win-crt-conio-l1-1-0.dll
0x00000162f9130000 - 0x00000162f9134000 	C:\Users\marij_mokoginta\.openjfx\cache\17-ea\api-ms-win-crt-convert-l1-1-0.dll
0x00000162f9140000 - 0x00000162f9143000 	C:\Users\marij_mokoginta\.openjfx\cache\17-ea\api-ms-win-crt-environment-l1-1-0.dll
0x00000162f9150000 - 0x00000162f9153000 	C:\Users\marij_mokoginta\.openjfx\cache\17-ea\api-ms-win-crt-filesystem-l1-1-0.dll
0x00000162f9160000 - 0x00000162f9163000 	C:\Users\marij_mokoginta\.openjfx\cache\17-ea\api-ms-win-crt-heap-l1-1-0.dll
0x00000162f9170000 - 0x00000162f9173000 	C:\Users\marij_mokoginta\.openjfx\cache\17-ea\api-ms-win-crt-locale-l1-1-0.dll
0x00000162f9180000 - 0x00000162f9185000 	C:\Users\marij_mokoginta\.openjfx\cache\17-ea\api-ms-win-crt-math-l1-1-0.dll
0x00000162f9190000 - 0x00000162f9195000 	C:\Users\marij_mokoginta\.openjfx\cache\17-ea\api-ms-win-crt-multibyte-l1-1-0.dll
0x00000162f91a0000 - 0x00000162f91b0000 	C:\Users\marij_mokoginta\.openjfx\cache\17-ea\api-ms-win-crt-private-l1-1-0.dll
0x00000162f91b0000 - 0x00000162f91b3000 	C:\Users\marij_mokoginta\.openjfx\cache\17-ea\api-ms-win-crt-process-l1-1-0.dll
0x00000162f91c0000 - 0x00000162f91c4000 	C:\Users\marij_mokoginta\.openjfx\cache\17-ea\api-ms-win-crt-runtime-l1-1-0.dll
0x00000162f91d0000 - 0x00000162f91d4000 	C:\Users\marij_mokoginta\.openjfx\cache\17-ea\api-ms-win-crt-stdio-l1-1-0.dll
0x00000162f91e0000 - 0x00000162f91e4000 	C:\Users\marij_mokoginta\.openjfx\cache\17-ea\api-ms-win-crt-string-l1-1-0.dll
0x00000162f91f0000 - 0x00000162f91f3000 	C:\Users\marij_mokoginta\.openjfx\cache\17-ea\api-ms-win-crt-time-l1-1-0.dll
0x00000162f9200000 - 0x00000162f9203000 	C:\Users\marij_mokoginta\.openjfx\cache\17-ea\api-ms-win-crt-utility-l1-1-0.dll
0x00007ff824820000 - 0x00007ff82491c000 	C:\Users\marij_mokoginta\.openjfx\cache\17-ea\ucrtbase.dll
0x00007ff82f4e0000 - 0x00007ff82f4fa000 	C:\Users\marij_mokoginta\.openjfx\cache\17-ea\vcruntime140.dll
0x00007ff831ea0000 - 0x00007ff831eac000 	C:\Users\marij_mokoginta\.openjfx\cache\17-ea\vcruntime140_1.dll
0x00007ff82f450000 - 0x00007ff82f4dd000 	C:\Users\marij_mokoginta\.openjfx\cache\17-ea\msvcp140.dll
0x00007ff8247f0000 - 0x00007ff824817000 	C:\Users\marij_mokoginta\.openjfx\cache\17-ea\prism_d3d.dll
0x00007ffff9e70000 - 0x00007ffffa03e000 	C:\WINDOWS\system32\d3d9.dll
0x00007ff8479f0000 - 0x00007ff847a1f000 	C:\WINDOWS\SYSTEM32\dwmapi.dll
0x00007ff847800000 - 0x00007ff84789e000 	C:\WINDOWS\system32\uxtheme.dll
0x00007ff819dd0000 - 0x00007ff819f33000 	C:\WINDOWS\System32\DriverStore\FileRepository\iigd_dch.inf_amd64_65699211310d39bb\igdumdim64.dll
0x00007ff84abe0000 - 0x00007ff84ad0a000 	C:\WINDOWS\System32\ole32.dll
0x00007ff84a340000 - 0x00007ff84a367000 	C:\WINDOWS\System32\bcrypt.dll
0x00007fffdb780000 - 0x00007fffdff05000 	C:\WINDOWS\System32\DriverStore\FileRepository\iigd_dch.inf_amd64_65699211310d39bb\igd9dxva64.dll
0x00007ff84ba20000 - 0x00007ff84baed000 	C:\WINDOWS\System32\OLEAUT32.dll
0x00007ff84c590000 - 0x00007ff84ca02000 	C:\WINDOWS\System32\SETUPAPI.dll
0x00007ff84a4b0000 - 0x00007ff84a4fe000 	C:\WINDOWS\System32\cfgmgr32.dll
0x00007ff8400f0000 - 0x00007ff840371000 	C:\WINDOWS\System32\DriverStore\FileRepository\iigd_dch.inf_amd64_65699211310d39bb\igdgmm64.dll
0x00007ff81a0c0000 - 0x00007ff81a102000 	C:\Users\marij_mokoginta\.openjfx\cache\17-ea\glass.dll
0x00007ff84bdb0000 - 0x00007ff84be8a000 	C:\WINDOWS\System32\COMDLG32.dll
0x00007ff84c2d0000 - 0x00007ff84c3e5000 	C:\WINDOWS\System32\MSCTF.dll
0x00007ff81a090000 - 0x00007ff81a0b7000 	C:\WINDOWS\System32\DriverStore\FileRepository\iigd_dch.inf_amd64_65699211310d39bb\igdinfo64.dll
0x00007ff83d200000 - 0x00007ff840044000 	C:\WINDOWS\System32\DriverStore\FileRepository\iigd_dch.inf_amd64_65699211310d39bb\igc64.dll
0x00007ff841d50000 - 0x00007ff841d8b000 	C:\WINDOWS\SYSTEM32\dxcore.dll
0x00007ff8247d0000 - 0x00007ff8247e4000 	C:\Users\marij_mokoginta\.openjfx\cache\17-ea\javafx_font.dll
0x00007ff8386d0000 - 0x00007ff838953000 	C:\WINDOWS\SYSTEM32\dwrite.dll
0x00007ff849ac0000 - 0x00007ff849ad8000 	C:\WINDOWS\SYSTEM32\CRYPTSP.dll
0x00007ff8491f0000 - 0x00007ff849224000 	C:\WINDOWS\system32\rsaenh.dll
0x00007ff84a050000 - 0x00007ff84a07e000 	C:\WINDOWS\SYSTEM32\USERENV.dll
0x00007ff849ae0000 - 0x00007ff849aec000 	C:\WINDOWS\SYSTEM32\CRYPTBASE.dll
0x00007ff8495c0000 - 0x00007ff8495fb000 	C:\WINDOWS\SYSTEM32\IPHLPAPI.DLL
0x00007ff84bd40000 - 0x00007ff84bd48000 	C:\WINDOWS\System32\NSI.dll
0x00007ff83c350000 - 0x00007ff83c367000 	C:\WINDOWS\SYSTEM32\dhcpcsvc6.DLL
0x00007ff83c7d0000 - 0x00007ff83c7ed000 	C:\WINDOWS\SYSTEM32\dhcpcsvc.DLL
0x00007ff849600000 - 0x00007ff8496cc000 	C:\WINDOWS\SYSTEM32\DNSAPI.dll
0x00007ff84ad10000 - 0x00007ff84adb9000 	C:\WINDOWS\System32\clbcatq.dll
0x00007ff844ca0000 - 0x00007ff844e54000 	C:\WINDOWS\SYSTEM32\WindowsCodecs.dll
0x00007ff81d220000 - 0x00007ff81d25e000 	C:\WINDOWS\system32\dataexchange.dll
0x00007ff846920000 - 0x00007ff846b06000 	C:\WINDOWS\system32\dcomp.dll
0x00007ff845ab0000 - 0x00007ff845d14000 	C:\WINDOWS\system32\d3d11.dll
0x00007ff848a60000 - 0x00007ff848b54000 	C:\WINDOWS\system32\dxgi.dll
0x00007ff844ed0000 - 0x00007ff8450d1000 	C:\WINDOWS\system32\twinapi.appcore.dll
0x00007ff819d90000 - 0x00007ff819dc4000 	C:\Program Files\Common Files\Microsoft Shared\Ink\rtscom.dll

dbghelp: loaded successfully - version: 4.0.5 - missing functions: none
symbol engine: initialized successfully - sym options: 0x614 - pdb path: .;C:\Program Files\Java\jdk-17\bin;C:\WINDOWS\SYSTEM32;C:\Program Files\Avast Software\Avast;C:\WINDOWS\WinSxS\amd64_microsoft.windows.common-controls_6595b64144ccf1df_6.0.19041.1110_none_60b5254171f9507e;C:\Program Files\Java\jdk-17\bin\server;C:\Users\marij_mokoginta\.openjfx\cache\17-ea;C:\WINDOWS\System32\DriverStore\FileRepository\iigd_dch.inf_amd64_65699211310d39bb;C:\Program Files\Common Files\Microsoft Shared\Ink

VM Arguments:
java_command: C:\Dev\JavaFX\ShopManagement\out\artifacts\ShopManagement_jar\ShopManagement.jar
java_class_path (initial): C:\Dev\JavaFX\ShopManagement\out\artifacts\ShopManagement_jar\ShopManagement.jar
Launcher Type: SUN_STANDARD

[Global flags]
     intx CICompilerCount                          = 2                                         {product} {ergonomic}
     uint ConcGCThreads                            = 1                                         {product} {ergonomic}
     uint G1ConcRefinementThreads                  = 2                                         {product} {ergonomic}
   size_t G1HeapRegionSize                         = 1048576                                   {product} {ergonomic}
    uintx GCDrainStackTargetSize                   = 64                                        {product} {ergonomic}
   size_t InitialHeapSize                          = 65011712                                  {product} {ergonomic}
   size_t MarkStackSize                            = 4194304                                   {product} {ergonomic}
   size_t MaxHeapSize                              = 1027604480                                {product} {ergonomic}
   size_t MaxNewSize                               = 616562688                                 {product} {ergonomic}
   size_t MinHeapDeltaBytes                        = 1048576                                   {product} {ergonomic}
   size_t MinHeapSize                              = 8388608                                   {product} {ergonomic}
    uintx NonNMethodCodeHeapSize                   = 5826188                                {pd product} {ergonomic}
    uintx NonProfiledCodeHeapSize                  = 122916026                              {pd product} {ergonomic}
    uintx ProfiledCodeHeapSize                     = 122916026                              {pd product} {ergonomic}
    uintx ReservedCodeCacheSize                    = 251658240                              {pd product} {ergonomic}
     bool SegmentedCodeCache                       = true                                      {product} {ergonomic}
   size_t SoftMaxHeapSize                          = 1027604480                             {manageable} {ergonomic}
     bool UseCompressedClassPointers               = true                           {product lp64_product} {ergonomic}
     bool UseCompressedOops                        = true                           {product lp64_product} {ergonomic}
     bool UseG1GC                                  = true                                      {product} {ergonomic}
     bool UseLargePagesIndividualAllocation        = false                                  {pd product} {ergonomic}

Logging:
Log output configuration:
 #0: stdout all=warning uptime,level,tags
 #1: stderr all=off uptime,level,tags

Environment Variables:
PATH=C:\Program Files\Common Files\Oracle\Java\javapath;C:\WINDOWS\system32;C:\WINDOWS;C:\WINDOWS\System32\Wbem;C:\WINDOWS\System32\WindowsPowerShell\v1.0\;C:\WINDOWS\System32\OpenSSH\;C:\Program Files\Git\cmd;C:\Program Files\mingw-w64\x86_64-8.1.0-posix-seh-rt_v6-rev0\mingw64\bin;C:\Program Files\MySQL\MySQL Server 8.0\bin;C:\Program Files\aircrack-ng-1.6-win\bin;C:\Program Files\MySQL\Connector C++ 8.0\include\mysql;C:\Users\marij_mokoginta\flutter_windows_2.2.3-stable\flutter\bin;C:\Program Files\javafx-sdk-11.0.2\lib;C:\Program Files\MySQL\MySQL Shell 8.0\bin\;C:\Users\marij_mokoginta\AppData\Local\Microsoft\WindowsApps;C:\Users\marij_mokoginta\AppData\Local\Programs\Microsoft VS Code\bin;C:\Users\marij_mokoginta\AppData\Local\GitHubDesktop\bin
USERNAME=marij_mokoginta
OS=Windows_NT
PROCESSOR_IDENTIFIER=Intel64 Family 6 Model 122 Stepping 8, GenuineIntel



---------------  S Y S T E M  ---------------

OS:
 Windows 10 , 64 bit Build 19041 (10.0.19041.1202)
OS uptime: 0 days 8:57 hours

CPU: total 2 (initial active 2) (2 cores per cpu, 1 threads per core) family 6 model 122 stepping 8 microcode 0x16, cx8, cmov, fxsr, mmx, 3dnowpref, sse, sse2, sse3, ssse3, sse4.1, sse4.2, popcnt, tsc, tscinvbit, aes, erms, clmul, sha, clflush, clflushopt

Memory: 4k page, system-wide physical 3918M (1908M free)
TotalPageFile size 8526M (AvailPageFile size 4197M)
current process WorkingSet (physical memory assigned to process): 73M, peak: 165M
current process commit charge ("private bytes"): 208M, peak: 225M

vm_info: Java HotSpot(TM) 64-Bit Server VM (17+35-LTS-2724) for windows-amd64 JRE (17+35-LTS-2724), built on Aug  5 2021 23:28:28 by "mach5one" with MS VC++ 16.8 (VS2019)

END.
